This file contains any messages produced by compilers while
running configure, to aid debugging if configure makes a mistake.

It was created by hack-linux-no-minix_memory configure 0.1, which was
generated by GNU Autoconf 2.69.  Invocation command line was

  $ ./configure --no-create --no-recursion

## --------- ##
## Platform. ##
## --------- ##

hostname = lock-pc
uname -m = x86_64
uname -r = 4.9.95-gentoo
uname -s = Linux
uname -v = #1 SMP Thu Jun 14 08:50:10 +07 2018

/usr/bin/uname -p = Intel(R) Core(TM) i5-6400 CPU @ 2.70GHz
/bin/uname -X     = unknown

/bin/arch              = unknown
/usr/bin/arch -k       = unknown
/usr/convex/getsysinfo = unknown
/usr/bin/hostinfo      = unknown
/bin/machine           = unknown
/usr/bin/oslevel       = unknown
/bin/universe          = unknown

PATH: /usr/x86_64-pc-linux-gnu/gcc-bin/6.4.0
PATH: /usr/lib/llvm/5/bin
PATH: /usr/local/bin
PATH: /usr/bin
PATH: /bin
PATH: /opt/bin
PATH: /opt/android-sdk-update-manager/tools
PATH: /opt/android-sdk-update-manager/platform-tools


## ----------- ##
## Core tests. ##
## ----------- ##

configure:2448: checking for a BSD-compatible install
configure:2516: result: /usr/bin/install -c
configure:2527: checking whether build environment is sane
configure:2582: result: yes
configure:2733: checking for a thread-safe mkdir -p
configure:2772: result: /bin/mkdir -p
configure:2779: checking for gawk
configure:2795: found /usr/bin/gawk
configure:2806: result: gawk
configure:2817: checking whether make sets $(MAKE)
configure:2839: result: yes
configure:2868: checking whether make supports nested variables
configure:2885: result: yes
configure:3028: checking for style of include used by make
configure:3056: result: GNU
configure:3127: checking for gcc
configure:3143: found /usr/x86_64-pc-linux-gnu/gcc-bin/6.4.0/gcc
configure:3154: result: gcc
configure:3383: checking for C compiler version
configure:3392: gcc --version >&5
gcc (Gentoo 6.4.0-r1 p1.3) 6.4.0
Copyright (C) 2017 Free Software Foundation, Inc.
This is free software; see the source for copying conditions.  There is NO
warranty; not even for MERCHANTABILITY or FITNESS FOR A PARTICULAR PURPOSE.

configure:3403: $? = 0
configure:3392: gcc -v >&5
Using built-in specs.
COLLECT_GCC=gcc
COLLECT_LTO_WRAPPER=/usr/libexec/gcc/x86_64-pc-linux-gnu/6.4.0/lto-wrapper
Target: x86_64-pc-linux-gnu
Configured with: /var/tmp/portage/sys-devel/gcc-6.4.0-r1/work/gcc-6.4.0/configure --host=x86_64-pc-linux-gnu --build=x86_64-pc-linux-gnu --prefix=/usr --bindir=/usr/x86_64-pc-linux-gnu/gcc-bin/6.4.0 --includedir=/usr/lib/gcc/x86_64-pc-linux-gnu/6.4.0/include --datadir=/usr/share/gcc-data/x86_64-pc-linux-gnu/6.4.0 --mandir=/usr/share/gcc-data/x86_64-pc-linux-gnu/6.4.0/man --infodir=/usr/share/gcc-data/x86_64-pc-linux-gnu/6.4.0/info --with-gxx-include-dir=/usr/lib/gcc/x86_64-pc-linux-gnu/6.4.0/include/g++-v6 --with-python-dir=/share/gcc-data/x86_64-pc-linux-gnu/6.4.0/python --enable-languages=c,c++,fortran --enable-obsolete --enable-secureplt --disable-werror --with-system-zlib --enable-nls --without-included-gettext --enable-checking=release --with-bugurl=https://bugs.gentoo.org/ --with-pkgversion='Gentoo 6.4.0-r1 p1.3' --disable-esp --enable-libstdcxx-time --enable-shared --enable-threads=posix --enable-__cxa_atexit --enable-clocale=gnu --enable-multilib --with-multilib-list=m32,m64 --disable-altivec --disable-fixed-point --enable-targets=all --disable-libgcj --enable-libgomp --disable-libmudflap --disable-libssp --disable-libcilkrts --disable-libmpx --enable-vtable-verify --enable-libvtv --enable-lto --without-isl --enable-libsanitizer --enable-default-pie --enable-default-ssp
Thread model: posix
gcc version 6.4.0 (Gentoo 6.4.0-r1 p1.3) 
configure:3403: $? = 0
configure:3392: gcc -V >&5
gcc: error: unrecognized command line option '-V'
gcc: fatal error: no input files
compilation terminated.
configure:3403: $? = 1
configure:3392: gcc -qversion >&5
gcc: error: unrecognized command line option '-qversion'; did you mean '--version'?
gcc: fatal error: no input files
compilation terminated.
configure:3403: $? = 1
configure:3423: checking whether the C compiler works
configure:3445: gcc    conftest.c  >&5
configure:3449: $? = 0
configure:3497: result: yes
configure:3500: checking for C compiler default output file name
configure:3502: result: a.out
configure:3508: checking for suffix of executables
configure:3515: gcc -o conftest    conftest.c  >&5
configure:3519: $? = 0
configure:3541: result: 
configure:3563: checking whether we are cross compiling
configure:3571: gcc -o conftest    conftest.c  >&5
configure:3575: $? = 0
configure:3582: ./conftest
configure:3586: $? = 0
configure:3601: result: no
configure:3606: checking for suffix of object files
configure:3628: gcc -c   conftest.c >&5
configure:3632: $? = 0
configure:3653: result: o
configure:3657: checking whether we are using the GNU C compiler
configure:3676: gcc -c   conftest.c >&5
configure:3676: $? = 0
configure:3685: result: yes
configure:3694: checking whether gcc accepts -g
configure:3714: gcc -c -g  conftest.c >&5
configure:3714: $? = 0
configure:3755: result: yes
configure:3772: checking for gcc option to accept ISO C89
configure:3835: gcc  -c -g -O2  conftest.c >&5
configure:3835: $? = 0
configure:3848: result: none needed
configure:3873: checking whether gcc understands -c and -o together
configure:3895: gcc -c conftest.c -o conftest2.o
configure:3898: $? = 0
configure:3895: gcc -c conftest.c -o conftest2.o
configure:3898: $? = 0
configure:3910: result: yes
configure:3929: checking dependency style of gcc
configure:4040: result: gcc3
configure:4061: checking how to run the C preprocessor
configure:4092: gcc -E  conftest.c
configure:4092: $? = 0
configure:4106: gcc -E  conftest.c
conftest.c:11:28: fatal error: ac_nonexistent.h: No such file or directory
 #include <ac_nonexistent.h>
                            ^
compilation terminated.
configure:4106: $? = 1
configure: failed program was:
| /* confdefs.h */
| #define PACKAGE_NAME "hack-linux-no-minix_memory"
| #define PACKAGE_TARNAME "hack-linux-no-minix_memory"
| #define PACKAGE_VERSION "0.1"
| #define PACKAGE_STRING "hack-linux-no-minix_memory 0.1"
| #define PACKAGE_BUGREPORT "gigoga367@gmail.com"
| #define PACKAGE_URL ""
| #define PACKAGE "hack-linux-no-minix_memory"
| #define VERSION "0.1"
| /* end confdefs.h.  */
| #include <ac_nonexistent.h>
configure:4131: result: gcc -E
configure:4151: gcc -E  conftest.c
configure:4151: $? = 0
configure:4165: gcc -E  conftest.c
conftest.c:11:28: fatal error: ac_nonexistent.h: No such file or directory
 #include <ac_nonexistent.h>
                            ^
compilation terminated.
configure:4165: $? = 1
configure: failed program was:
| /* confdefs.h */
| #define PACKAGE_NAME "hack-linux-no-minix_memory"
| #define PACKAGE_TARNAME "hack-linux-no-minix_memory"
| #define PACKAGE_VERSION "0.1"
| #define PACKAGE_STRING "hack-linux-no-minix_memory 0.1"
| #define PACKAGE_BUGREPORT "gigoga367@gmail.com"
| #define PACKAGE_URL ""
| #define PACKAGE "hack-linux-no-minix_memory"
| #define VERSION "0.1"
| /* end confdefs.h.  */
| #include <ac_nonexistent.h>
configure:4194: checking for grep that handles long lines and -e
configure:4252: result: /bin/grep
configure:4257: checking for egrep
configure:4319: result: /bin/grep -E
configure:4324: checking for ANSI C header files
configure:4344: gcc -c -g -O2  conftest.c >&5
configure:4344: $? = 0
configure:4417: gcc -o conftest -g -O2   conftest.c  >&5
configure:4417: $? = 0
configure:4417: ./conftest
configure:4417: $? = 0
configure:4428: result: yes
configure:4441: checking for sys/types.h
configure:4441: gcc -c -g -O2  conftest.c >&5
configure:4441: $? = 0
configure:4441: result: yes
configure:4441: checking for sys/stat.h
configure:4441: gcc -c -g -O2  conftest.c >&5
configure:4441: $? = 0
configure:4441: result: yes
configure:4441: checking for stdlib.h
configure:4441: gcc -c -g -O2  conftest.c >&5
configure:4441: $? = 0
configure:4441: result: yes
configure:4441: checking for string.h
configure:4441: gcc -c -g -O2  conftest.c >&5
configure:4441: $? = 0
configure:4441: result: yes
configure:4441: checking for memory.h
configure:4441: gcc -c -g -O2  conftest.c >&5
configure:4441: $? = 0
configure:4441: result: yes
configure:4441: checking for strings.h
configure:4441: gcc -c -g -O2  conftest.c >&5
configure:4441: $? = 0
configure:4441: result: yes
configure:4441: checking for inttypes.h
configure:4441: gcc -c -g -O2  conftest.c >&5
configure:4441: $? = 0
configure:4441: result: yes
configure:4441: checking for stdint.h
configure:4441: gcc -c -g -O2  conftest.c >&5
configure:4441: $? = 0
configure:4441: result: yes
configure:4441: checking for unistd.h
configure:4441: gcc -c -g -O2  conftest.c >&5
configure:4441: $? = 0
configure:4441: result: yes
configure:4455: checking linux/user.h usability
configure:4455: gcc -c -g -O2  conftest.c >&5
In file included from /usr/src/linux/arch/x86/include/asm/page.h:4:0,
                 from /usr/src/linux/arch/x86/include/asm/user_64.h:5,
                 from /usr/src/linux/arch/x86/include/asm/user.h:7,
                 from /usr/src/linux/include/linux/user.h:1,
                 from conftest.c:54:
/usr/src/linux/include/linux/types.h:14:26: error: conflicting types for 'fd_set'
 typedef __kernel_fd_set  fd_set;
                          ^~~~~~
In file included from /usr/include/sys/types.h:197:0,
                 from conftest.c:23:
/usr/include/sys/select.h:70:5: note: previous declaration of 'fd_set' was here
   } fd_set;
     ^~~~~~
In file included from /usr/src/linux/arch/x86/include/asm/page.h:4:0,
                 from /usr/src/linux/arch/x86/include/asm/user_64.h:5,
                 from /usr/src/linux/arch/x86/include/asm/user.h:7,
                 from /usr/src/linux/include/linux/user.h:1,
                 from conftest.c:54:
/usr/src/linux/include/linux/types.h:15:25: error: conflicting types for 'dev_t'
 typedef __kernel_dev_t  dev_t;
                         ^~~~~
In file included from conftest.c:23:0:
/usr/include/sys/types.h:60:17: note: previous declaration of 'dev_t' was here
 typedef __dev_t dev_t;
                 ^~~~~
In file included from /usr/src/linux/arch/x86/include/asm/page.h:4:0,
                 from /usr/src/linux/arch/x86/include/asm/user_64.h:5,
                 from /usr/src/linux/arch/x86/include/asm/user.h:7,
                 from /usr/src/linux/include/linux/user.h:1,
                 from conftest.c:54:
/usr/src/linux/include/linux/types.h:19:17: error: conflicting types for 'nlink_t'
 typedef __u32   nlink_t;
                 ^~~~~~~
In file included from conftest.c:23:0:
/usr/include/sys/types.h:75:19: note: previous declaration of 'nlink_t' was here
 typedef __nlink_t nlink_t;
                   ^~~~~~~
In file included from /usr/src/linux/arch/x86/include/asm/page.h:4:0,
                 from /usr/src/linux/arch/x86/include/asm/user_64.h:5,
                 from /usr/src/linux/arch/x86/include/asm/user.h:7,
                 from /usr/src/linux/include/linux/user.h:1,
                 from conftest.c:54:
/usr/src/linux/include/linux/types.h:25:26: error: conflicting types for 'timer_t'
 typedef __kernel_timer_t timer_t;
                          ^~~~~~~
In file included from /usr/include/sys/types.h:131:0,
                 from conftest.c:23:
/usr/include/bits/types/timer_t.h:7:19: note: previous declaration of 'timer_t' was here
 typedef __timer_t timer_t;
                   ^~~~~~~
In file included from /usr/src/linux/arch/x86/include/asm/page.h:4:0,
                 from /usr/src/linux/arch/x86/include/asm/user_64.h:5,
                 from /usr/src/linux/arch/x86/include/asm/user.h:7,
                 from /usr/src/linux/include/linux/user.h:1,
                 from conftest.c:54:
/usr/src/linux/include/linux/types.h:45:26: error: conflicting types for 'loff_t'
 typedef __kernel_loff_t  loff_t;
                          ^~~~~~
In file included from conftest.c:23:0:
/usr/include/sys/types.h:44:18: note: previous declaration of 'loff_t' was here
 typedef __loff_t loff_t;
                  ^~~~~~
In file included from /usr/src/linux/arch/x86/include/asm/page.h:4:0,
                 from /usr/src/linux/arch/x86/include/asm/user_64.h:5,
                 from /usr/src/linux/arch/x86/include/asm/user.h:7,
                 from /usr/src/linux/include/linux/user.h:1,
                 from conftest.c:54:
/usr/src/linux/include/linux/types.h:111:17: error: conflicting types for 'uint64_t'
 typedef  __u64  uint64_t;
                 ^~~~~~~~
In file included from /usr/include/stdint.h:37:0,
                 from /usr/lib/gcc/x86_64-pc-linux-gnu/6.4.0/include/stdint.h:9,
                 from /usr/include/inttypes.h:27,
                 from conftest.c:46:
/usr/include/bits/stdint-uintn.h:27:20: note: previous declaration of 'uint64_t' was here
 typedef __uint64_t uint64_t;
                    ^~~~~~~~
In file included from /usr/src/linux/arch/x86/include/asm/page.h:4:0,
                 from /usr/src/linux/arch/x86/include/asm/user_64.h:5,
                 from /usr/src/linux/arch/x86/include/asm/user.h:7,
                 from /usr/src/linux/include/linux/user.h:1,
                 from conftest.c:54:
/usr/src/linux/include/linux/types.h:112:17: error: conflicting types for 'u_int64_t'
 typedef  __u64  u_int64_t;
                 ^~~~~~~~~
In file included from conftest.c:23:0:
/usr/include/sys/types.h:181:1: note: previous declaration of 'u_int64_t' was here
 __u_intN_t (64, __DI__);
 ^
In file included from /usr/src/linux/arch/x86/include/asm/page.h:4:0,
                 from /usr/src/linux/arch/x86/include/asm/user_64.h:5,
                 from /usr/src/linux/arch/x86/include/asm/user.h:7,
                 from /usr/src/linux/include/linux/user.h:1,
                 from conftest.c:54:
/usr/src/linux/include/linux/types.h:113:17: error: conflicting types for 'int64_t'
 typedef  __s64  int64_t;
                 ^~~~~~~
In file included from /usr/include/sys/types.h:156:0,
                 from conftest.c:23:
/usr/include/bits/stdint-intn.h:27:19: note: previous declaration of 'int64_t' was here
 typedef __int64_t int64_t;
                   ^~~~~~~
In file included from /usr/src/linux/arch/x86/include/asm/page.h:4:0,
                 from /usr/src/linux/arch/x86/include/asm/user_64.h:5,
                 from /usr/src/linux/arch/x86/include/asm/user.h:7,
                 from /usr/src/linux/include/linux/user.h:1,
                 from conftest.c:54:
/usr/src/linux/include/linux/types.h:134:23: error: conflicting types for 'blkcnt_t'
 typedef unsigned long blkcnt_t;
                       ^~~~~~~~
In file included from conftest.c:23:0:
/usr/include/sys/types.h:210:20: note: previous declaration of 'blkcnt_t' was here
 typedef __blkcnt_t blkcnt_t;  /* Type to count number of disk blocks.  */
                    ^~~~~~~~
configure:4455: $? = 1
configure: failed program was:
| /* confdefs.h */
| #define PACKAGE_NAME "hack-linux-no-minix_memory"
| #define PACKAGE_TARNAME "hack-linux-no-minix_memory"
| #define PACKAGE_VERSION "0.1"
| #define PACKAGE_STRING "hack-linux-no-minix_memory 0.1"
| #define PACKAGE_BUGREPORT "gigoga367@gmail.com"
| #define PACKAGE_URL ""
| #define PACKAGE "hack-linux-no-minix_memory"
| #define VERSION "0.1"
| #define STDC_HEADERS 1
| #define HAVE_SYS_TYPES_H 1
| #define HAVE_SYS_STAT_H 1
| #define HAVE_STDLIB_H 1
| #define HAVE_STRING_H 1
| #define HAVE_MEMORY_H 1
| #define HAVE_STRINGS_H 1
| #define HAVE_INTTYPES_H 1
| #define HAVE_STDINT_H 1
| #define HAVE_UNISTD_H 1
| /* end confdefs.h.  */
| #include <stdio.h>
| #ifdef HAVE_SYS_TYPES_H
| # include <sys/types.h>
| #endif
| #ifdef HAVE_SYS_STAT_H
| # include <sys/stat.h>
| #endif
| #ifdef STDC_HEADERS
| # include <stdlib.h>
| # include <stddef.h>
| #else
| # ifdef HAVE_STDLIB_H
| #  include <stdlib.h>
| # endif
| #endif
| #ifdef HAVE_STRING_H
| # if !defined STDC_HEADERS && defined HAVE_MEMORY_H
| #  include <memory.h>
| # endif
| # include <string.h>
| #endif
| #ifdef HAVE_STRINGS_H
| # include <strings.h>
| #endif
| #ifdef HAVE_INTTYPES_H
| # include <inttypes.h>
| #endif
| #ifdef HAVE_STDINT_H
| # include <stdint.h>
| #endif
| #ifdef HAVE_UNISTD_H
| # include <unistd.h>
| #endif
| #include <linux/user.h>
configure:4455: result: no
configure:4455: checking linux/user.h presence
configure:4455: gcc -E  conftest.c
configure:4455: $? = 0
configure:4455: result: yes
configure:4455: WARNING: linux/user.h: present but cannot be compiled
configure:4455: WARNING: linux/user.h:     check for missing prerequisite headers?
configure:4455: WARNING: linux/user.h: see the Autoconf documentation
configure:4455: WARNING: linux/user.h:     section "Present But Cannot Be Compiled"
configure:4455: WARNING: linux/user.h: proceeding with the compiler's result
configure:4455: checking for linux/user.h
configure:4455: result: no
configure:4465: checking for dlsym in -ldl
configure:4490: gcc -o conftest -g -O2   conftest.c -ldl   >&5
configure:4490: $? = 0
configure:4499: result: yes
configure:4571: checking for g++
configure:4587: found /usr/x86_64-pc-linux-gnu/gcc-bin/6.4.0/g++
configure:4598: result: g++
configure:4625: checking for C++ compiler version
configure:4634: g++ --version >&5
g++ (Gentoo 6.4.0-r1 p1.3) 6.4.0
Copyright (C) 2017 Free Software Foundation, Inc.
This is free software; see the source for copying conditions.  There is NO
warranty; not even for MERCHANTABILITY or FITNESS FOR A PARTICULAR PURPOSE.

configure:4645: $? = 0
configure:4634: g++ -v >&5
Using built-in specs.
COLLECT_GCC=g++
COLLECT_LTO_WRAPPER=/usr/libexec/gcc/x86_64-pc-linux-gnu/6.4.0/lto-wrapper
Target: x86_64-pc-linux-gnu
Configured with: /var/tmp/portage/sys-devel/gcc-6.4.0-r1/work/gcc-6.4.0/configure --host=x86_64-pc-linux-gnu --build=x86_64-pc-linux-gnu --prefix=/usr --bindir=/usr/x86_64-pc-linux-gnu/gcc-bin/6.4.0 --includedir=/usr/lib/gcc/x86_64-pc-linux-gnu/6.4.0/include --datadir=/usr/share/gcc-data/x86_64-pc-linux-gnu/6.4.0 --mandir=/usr/share/gcc-data/x86_64-pc-linux-gnu/6.4.0/man --infodir=/usr/share/gcc-data/x86_64-pc-linux-gnu/6.4.0/info --with-gxx-include-dir=/usr/lib/gcc/x86_64-pc-linux-gnu/6.4.0/include/g++-v6 --with-python-dir=/share/gcc-data/x86_64-pc-linux-gnu/6.4.0/python --enable-languages=c,c++,fortran --enable-obsolete --enable-secureplt --disable-werror --with-system-zlib --enable-nls --without-included-gettext --enable-checking=release --with-bugurl=https://bugs.gentoo.org/ --with-pkgversion='Gentoo 6.4.0-r1 p1.3' --disable-esp --enable-libstdcxx-time --enable-shared --enable-threads=posix --enable-__cxa_atexit --enable-clocale=gnu --enable-multilib --with-multilib-list=m32,m64 --disable-altivec --disable-fixed-point --enable-targets=all --disable-libgcj --enable-libgomp --disable-libmudflap --disable-libssp --disable-libcilkrts --disable-libmpx --enable-vtable-verify --enable-libvtv --enable-lto --without-isl --enable-libsanitizer --enable-default-pie --enable-default-ssp
Thread model: posix
gcc version 6.4.0 (Gentoo 6.4.0-r1 p1.3) 
configure:4645: $? = 0
configure:4634: g++ -V >&5
g++: error: unrecognized command line option '-V'
g++: fatal error: no input files
compilation terminated.
configure:4645: $? = 1
configure:4634: g++ -qversion >&5
g++: error: unrecognized command line option '-qversion'; did you mean '--version'?
g++: fatal error: no input files
compilation terminated.
configure:4645: $? = 1
configure:4649: checking whether we are using the GNU C++ compiler
configure:4668: g++ -c   conftest.cpp >&5
configure:4668: $? = 0
configure:4677: result: yes
configure:4686: checking whether g++ accepts -g
configure:4706: g++ -c -g  conftest.cpp >&5
configure:4706: $? = 0
configure:4747: result: yes
configure:4772: checking dependency style of g++
configure:4883: result: gcc3
configure:4946: checking for gcc
configure:4973: result: gcc
configure:5202: checking for C compiler version
configure:5211: gcc --version >&5
gcc (Gentoo 6.4.0-r1 p1.3) 6.4.0
Copyright (C) 2017 Free Software Foundation, Inc.
This is free software; see the source for copying conditions.  There is NO
warranty; not even for MERCHANTABILITY or FITNESS FOR A PARTICULAR PURPOSE.

configure:5222: $? = 0
configure:5211: gcc -v >&5
Using built-in specs.
COLLECT_GCC=gcc
COLLECT_LTO_WRAPPER=/usr/libexec/gcc/x86_64-pc-linux-gnu/6.4.0/lto-wrapper
Target: x86_64-pc-linux-gnu
Configured with: /var/tmp/portage/sys-devel/gcc-6.4.0-r1/work/gcc-6.4.0/configure --host=x86_64-pc-linux-gnu --build=x86_64-pc-linux-gnu --prefix=/usr --bindir=/usr/x86_64-pc-linux-gnu/gcc-bin/6.4.0 --includedir=/usr/lib/gcc/x86_64-pc-linux-gnu/6.4.0/include --datadir=/usr/share/gcc-data/x86_64-pc-linux-gnu/6.4.0 --mandir=/usr/share/gcc-data/x86_64-pc-linux-gnu/6.4.0/man --infodir=/usr/share/gcc-data/x86_64-pc-linux-gnu/6.4.0/info --with-gxx-include-dir=/usr/lib/gcc/x86_64-pc-linux-gnu/6.4.0/include/g++-v6 --with-python-dir=/share/gcc-data/x86_64-pc-linux-gnu/6.4.0/python --enable-languages=c,c++,fortran --enable-obsolete --enable-secureplt --disable-werror --with-system-zlib --enable-nls --without-included-gettext --enable-checking=release --with-bugurl=https://bugs.gentoo.org/ --with-pkgversion='Gentoo 6.4.0-r1 p1.3' --disable-esp --enable-libstdcxx-time --enable-shared --enable-threads=posix --enable-__cxa_atexit --enable-clocale=gnu --enable-multilib --with-multilib-list=m32,m64 --disable-altivec --disable-fixed-point --enable-targets=all --disable-libgcj --enable-libgomp --disable-libmudflap --disable-libssp --disable-libcilkrts --disable-libmpx --enable-vtable-verify --enable-libvtv --enable-lto --without-isl --enable-libsanitizer --enable-default-pie --enable-default-ssp
Thread model: posix
gcc version 6.4.0 (Gentoo 6.4.0-r1 p1.3) 
configure:5222: $? = 0
configure:5211: gcc -V >&5
gcc: error: unrecognized command line option '-V'
gcc: fatal error: no input files
compilation terminated.
configure:5222: $? = 1
configure:5211: gcc -qversion >&5
gcc: error: unrecognized command line option '-qversion'; did you mean '--version'?
gcc: fatal error: no input files
compilation terminated.
configure:5222: $? = 1
configure:5226: checking whether we are using the GNU C compiler
configure:5254: result: yes
configure:5263: checking whether gcc accepts -g
configure:5324: result: yes
configure:5341: checking for gcc option to accept ISO C89
configure:5417: result: none needed
configure:5442: checking whether gcc understands -c and -o together
configure:5479: result: yes
configure:5498: checking dependency style of gcc
configure:5609: result: gcc3
configure:5653: checking build system type
configure:5667: result: x86_64-pc-linux-gnu
configure:5687: checking host system type
configure:5700: result: x86_64-pc-linux-gnu
configure:5741: checking how to print strings
configure:5768: result: printf
configure:5789: checking for a sed that does not truncate output
configure:5853: result: /bin/sed
configure:5871: checking for fgrep
configure:5933: result: /bin/grep -F
configure:5968: checking for ld used by gcc
configure:6035: result: /usr/x86_64-pc-linux-gnu/bin/ld
configure:6042: checking if the linker (/usr/x86_64-pc-linux-gnu/bin/ld) is GNU ld
configure:6057: result: yes
configure:6069: checking for BSD- or MS-compatible name lister (nm)
configure:6123: result: /usr/bin/nm -B
configure:6253: checking the name lister (/usr/bin/nm -B) interface
configure:6260: gcc -c -g -O2  conftest.c >&5
configure:6263: /usr/bin/nm -B "conftest.o"
configure:6266: output
0000000000000000 B some_variable
configure:6273: result: BSD nm
configure:6276: checking whether ln -s works
configure:6280: result: yes
configure:6288: checking the maximum length of command line arguments
configure:6419: result: 1572864
configure:6467: checking how to convert x86_64-pc-linux-gnu file names to x86_64-pc-linux-gnu format
configure:6507: result: func_convert_file_noop
configure:6514: checking how to convert x86_64-pc-linux-gnu file names to toolchain format
configure:6534: result: func_convert_file_noop
configure:6541: checking for /usr/x86_64-pc-linux-gnu/bin/ld option to reload object files
configure:6548: result: -r
configure:6622: checking for objdump
configure:6638: found /usr/bin/objdump
configure:6649: result: objdump
configure:6681: checking how to recognize dependent libraries
configure:6881: result: pass_all
configure:6966: checking for dlltool
configure:6996: result: no
configure:7026: checking how to associate runtime and link libraries
configure:7053: result: printf %s\n
configure:7113: checking for ar
configure:7129: found /usr/bin/ar
configure:7140: result: ar
configure:7177: checking for archiver @FILE support
configure:7194: gcc -c -g -O2  conftest.c >&5
configure:7194: $? = 0
configure:7197: ar cru libconftest.a @conftest.lst >&5
configure:7200: $? = 0
configure:7205: ar cru libconftest.a @conftest.lst >&5
ar: conftest.o: No such file or directory
configure:7208: $? = 1
configure:7220: result: @
configure:7278: checking for strip
configure:7294: found /usr/bin/strip
configure:7305: result: strip
configure:7377: checking for ranlib
configure:7393: found /usr/bin/ranlib
configure:7404: result: ranlib
configure:7506: checking command to parse /usr/bin/nm -B output from gcc object
configure:7659: gcc -c -g -O2  conftest.c >&5
configure:7662: $? = 0
configure:7666: /usr/bin/nm -B conftest.o \| sed -n -e 's/^.*[ ]\([ABCDGIRSTW][ABCDGIRSTW]*\)[ ][ ]*\([_A-Za-z][_A-Za-z0-9]*\)$/\1 \2 \2/p' | sed '/ __gnu_lto/d' \> conftest.nm
configure:7669: $? = 0
configure:7735: gcc -o conftest -g -O2   conftest.c conftstm.o >&5
configure:7738: $? = 0
configure:7776: result: ok
configure:7823: checking for sysroot
configure:7853: result: no
configure:7860: checking for a working dd
configure:7898: result: /bin/dd
configure:7902: checking how to truncate binary pipes
configure:7917: result: /bin/dd bs=4096 count=1
configure:8053: gcc -c -g -O2  conftest.c >&5
configure:8056: $? = 0
configure:8246: checking for mt
configure:8276: result: no
configure:8296: checking if : is a manifest tool
configure:8302: : '-?'
configure:8310: result: no
configure:8984: checking for dlfcn.h
configure:8984: gcc -c -g -O2  conftest.c >&5
configure:8984: $? = 0
configure:8984: result: yes
configure:9251: checking for objdir
configure:9266: result: .libs
configure:9526: checking if gcc supports -fno-rtti -fno-exceptions
configure:9544: gcc -c -g -O2  -fno-rtti -fno-exceptions conftest.c >&5
cc1: warning: command line option '-fno-rtti' is valid for C++/ObjC++ but not for C
configure:9548: $? = 0
configure:9561: result: no
configure:9919: checking for gcc option to produce PIC
configure:9926: result: -fPIC -DPIC
configure:9934: checking if gcc PIC flag -fPIC -DPIC works
configure:9952: gcc -c -g -O2  -fPIC -DPIC -DPIC conftest.c >&5
configure:9956: $? = 0
configure:9969: result: yes
configure:9998: checking if gcc static flag -static works
configure:10026: result: yes
configure:10041: checking if gcc supports -c -o file.o
configure:10062: gcc -c -g -O2  -o out/conftest2.o conftest.c >&5
configure:10066: $? = 0
configure:10088: result: yes
configure:10096: checking if gcc supports -c -o file.o
configure:10143: result: yes
configure:10176: checking whether the gcc linker (/usr/x86_64-pc-linux-gnu/bin/ld -m elf_x86_64) supports shared libraries
configure:11435: result: yes
configure:11472: checking whether -lc should be explicitly linked in
configure:11480: gcc -c -g -O2  conftest.c >&5
configure:11483: $? = 0
configure:11498: gcc -shared  -fPIC -DPIC conftest.o  -v -Wl,-soname -Wl,conftest -o conftest 2\>\&1 \| /bin/grep  -lc  \>/dev/null 2\>\&1
configure:11501: $? = 0
configure:11515: result: no
configure:11675: checking dynamic linker characteristics
configure:12269: gcc -o conftest -g -O2   -Wl,-rpath -Wl,/foo conftest.c -ldl  >&5
configure:12269: $? = 0
configure:12506: result: GNU/Linux ld.so
configure:12628: checking how to hardcode library paths into programs
configure:12653: result: immediate
configure:13201: checking whether stripping libraries is possible
configure:13206: result: yes
configure:13241: checking if libtool supports shared libraries
configure:13243: result: yes
configure:13246: checking whether to build shared libraries
configure:13271: result: yes
configure:13274: checking whether to build static libraries
configure:13278: result: yes
configure:13301: checking how to run the C++ preprocessor
configure:13328: g++ -E  conftest.cpp
configure:13328: $? = 0
configure:13342: g++ -E  conftest.cpp
conftest.cpp:24:28: fatal error: ac_nonexistent.h: No such file or directory
 #include <ac_nonexistent.h>
                            ^
compilation terminated.
configure:13342: $? = 1
configure: failed program was:
| /* confdefs.h */
| #define PACKAGE_NAME "hack-linux-no-minix_memory"
| #define PACKAGE_TARNAME "hack-linux-no-minix_memory"
| #define PACKAGE_VERSION "0.1"
| #define PACKAGE_STRING "hack-linux-no-minix_memory 0.1"
| #define PACKAGE_BUGREPORT "gigoga367@gmail.com"
| #define PACKAGE_URL ""
| #define PACKAGE "hack-linux-no-minix_memory"
| #define VERSION "0.1"
| #define STDC_HEADERS 1
| #define HAVE_SYS_TYPES_H 1
| #define HAVE_SYS_STAT_H 1
| #define HAVE_STDLIB_H 1
| #define HAVE_STRING_H 1
| #define HAVE_MEMORY_H 1
| #define HAVE_STRINGS_H 1
| #define HAVE_INTTYPES_H 1
| #define HAVE_STDINT_H 1
| #define HAVE_UNISTD_H 1
| #define HAVE_LIBDL 1
| #define HAVE_DLFCN_H 1
| #define LT_OBJDIR ".libs/"
| /* end confdefs.h.  */
| #include <ac_nonexistent.h>
configure:13367: result: g++ -E
configure:13387: g++ -E  conftest.cpp
configure:13387: $? = 0
configure:13401: g++ -E  conftest.cpp
conftest.cpp:24:28: fatal error: ac_nonexistent.h: No such file or directory
 #include <ac_nonexistent.h>
                            ^
compilation terminated.
configure:13401: $? = 1
configure: failed program was:
| /* confdefs.h */
| #define PACKAGE_NAME "hack-linux-no-minix_memory"
| #define PACKAGE_TARNAME "hack-linux-no-minix_memory"
| #define PACKAGE_VERSION "0.1"
| #define PACKAGE_STRING "hack-linux-no-minix_memory 0.1"
| #define PACKAGE_BUGREPORT "gigoga367@gmail.com"
| #define PACKAGE_URL ""
| #define PACKAGE "hack-linux-no-minix_memory"
| #define VERSION "0.1"
| #define STDC_HEADERS 1
| #define HAVE_SYS_TYPES_H 1
| #define HAVE_SYS_STAT_H 1
| #define HAVE_STDLIB_H 1
| #define HAVE_STRING_H 1
| #define HAVE_MEMORY_H 1
| #define HAVE_STRINGS_H 1
| #define HAVE_INTTYPES_H 1
| #define HAVE_STDINT_H 1
| #define HAVE_UNISTD_H 1
| #define HAVE_LIBDL 1
| #define HAVE_DLFCN_H 1
| #define LT_OBJDIR ".libs/"
| /* end confdefs.h.  */
| #include <ac_nonexistent.h>
configure:13563: checking for ld used by g++
configure:13630: result: /usr/x86_64-pc-linux-gnu/bin/ld -m elf_x86_64
configure:13637: checking if the linker (/usr/x86_64-pc-linux-gnu/bin/ld -m elf_x86_64) is GNU ld
configure:13652: result: yes
configure:13707: checking whether the g++ linker (/usr/x86_64-pc-linux-gnu/bin/ld -m elf_x86_64) supports shared libraries
configure:14780: result: yes
configure:14816: g++ -c -g -O2  conftest.cpp >&5
configure:14819: $? = 0
configure:15300: checking for g++ option to produce PIC
configure:15307: result: -fPIC -DPIC
configure:15315: checking if g++ PIC flag -fPIC -DPIC works
configure:15333: g++ -c -g -O2  -fPIC -DPIC -DPIC conftest.cpp >&5
configure:15337: $? = 0
configure:15350: result: yes
configure:15373: checking if g++ static flag -static works
configure:15401: result: yes
configure:15413: checking if g++ supports -c -o file.o
configure:15434: g++ -c -g -O2  -o out/conftest2.o conftest.cpp >&5
configure:15438: $? = 0
configure:15460: result: yes
configure:15465: checking if g++ supports -c -o file.o
configure:15512: result: yes
configure:15542: checking whether the g++ linker (/usr/x86_64-pc-linux-gnu/bin/ld -m elf_x86_64) supports shared libraries
configure:15582: result: yes
configure:15723: checking dynamic linker characteristics
configure:16481: result: GNU/Linux ld.so
configure:16546: checking how to hardcode library paths into programs
configure:16571: result: immediate
configure:16642: checking for unistd.h
configure:16642: result: yes
configure:16654: checking for stdbool.h that conforms to C99
configure:16721: gcc -c -g -O2  conftest.c >&5
configure:16721: $? = 0
configure:16728: result: yes
configure:16730: checking for _Bool
configure:16730: gcc -c -g -O2  conftest.c >&5
configure:16730: $? = 0
configure:16730: gcc -c -g -O2  conftest.c >&5
conftest.c: In function 'main':
conftest.c:61:20: error: expected expression before ')' token
 if (sizeof ((_Bool)))
                    ^
configure:16730: $? = 1
configure: failed program was:
| /* confdefs.h */
| #define PACKAGE_NAME "hack-linux-no-minix_memory"
| #define PACKAGE_TARNAME "hack-linux-no-minix_memory"
| #define PACKAGE_VERSION "0.1"
| #define PACKAGE_STRING "hack-linux-no-minix_memory 0.1"
| #define PACKAGE_BUGREPORT "gigoga367@gmail.com"
| #define PACKAGE_URL ""
| #define PACKAGE "hack-linux-no-minix_memory"
| #define VERSION "0.1"
| #define STDC_HEADERS 1
| #define HAVE_SYS_TYPES_H 1
| #define HAVE_SYS_STAT_H 1
| #define HAVE_STDLIB_H 1
| #define HAVE_STRING_H 1
| #define HAVE_MEMORY_H 1
| #define HAVE_STRINGS_H 1
| #define HAVE_INTTYPES_H 1
| #define HAVE_STDINT_H 1
| #define HAVE_UNISTD_H 1
| #define HAVE_LIBDL 1
| #define HAVE_DLFCN_H 1
| #define LT_OBJDIR ".libs/"
| #define HAVE_UNISTD_H 1
| /* end confdefs.h.  */
| #include <stdio.h>
| #ifdef HAVE_SYS_TYPES_H
| # include <sys/types.h>
| #endif
| #ifdef HAVE_SYS_STAT_H
| # include <sys/stat.h>
| #endif
| #ifdef STDC_HEADERS
| # include <stdlib.h>
| # include <stddef.h>
| #else
| # ifdef HAVE_STDLIB_H
| #  include <stdlib.h>
| # endif
| #endif
| #ifdef HAVE_STRING_H
| # if !defined STDC_HEADERS && defined HAVE_MEMORY_H
| #  include <memory.h>
| # endif
| # include <string.h>
| #endif
| #ifdef HAVE_STRINGS_H
| # include <strings.h>
| #endif
| #ifdef HAVE_INTTYPES_H
| # include <inttypes.h>
| #endif
| #ifdef HAVE_STDINT_H
| # include <stdint.h>
| #endif
| #ifdef HAVE_UNISTD_H
| # include <unistd.h>
| #endif
| int
| main ()
| {
| if (sizeof ((_Bool)))
| 	    return 0;
|   ;
|   return 0;
| }
configure:16730: result: yes
configure:16741: checking for size_t
configure:16741: gcc -c -g -O2  conftest.c >&5
configure:16741: $? = 0
configure:16741: gcc -c -g -O2  conftest.c >&5
conftest.c: In function 'main':
conftest.c:62:21: error: expected expression before ')' token
 if (sizeof ((size_t)))
                     ^
configure:16741: $? = 1
configure: failed program was:
| /* confdefs.h */
| #define PACKAGE_NAME "hack-linux-no-minix_memory"
| #define PACKAGE_TARNAME "hack-linux-no-minix_memory"
| #define PACKAGE_VERSION "0.1"
| #define PACKAGE_STRING "hack-linux-no-minix_memory 0.1"
| #define PACKAGE_BUGREPORT "gigoga367@gmail.com"
| #define PACKAGE_URL ""
| #define PACKAGE "hack-linux-no-minix_memory"
| #define VERSION "0.1"
| #define STDC_HEADERS 1
| #define HAVE_SYS_TYPES_H 1
| #define HAVE_SYS_STAT_H 1
| #define HAVE_STDLIB_H 1
| #define HAVE_STRING_H 1
| #define HAVE_MEMORY_H 1
| #define HAVE_STRINGS_H 1
| #define HAVE_INTTYPES_H 1
| #define HAVE_STDINT_H 1
| #define HAVE_UNISTD_H 1
| #define HAVE_LIBDL 1
| #define HAVE_DLFCN_H 1
| #define LT_OBJDIR ".libs/"
| #define HAVE_UNISTD_H 1
| #define HAVE__BOOL 1
| /* end confdefs.h.  */
| #include <stdio.h>
| #ifdef HAVE_SYS_TYPES_H
| # include <sys/types.h>
| #endif
| #ifdef HAVE_SYS_STAT_H
| # include <sys/stat.h>
| #endif
| #ifdef STDC_HEADERS
| # include <stdlib.h>
| # include <stddef.h>
| #else
| # ifdef HAVE_STDLIB_H
| #  include <stdlib.h>
| # endif
| #endif
| #ifdef HAVE_STRING_H
| # if !defined STDC_HEADERS && defined HAVE_MEMORY_H
| #  include <memory.h>
| # endif
| # include <string.h>
| #endif
| #ifdef HAVE_STRINGS_H
| # include <strings.h>
| #endif
| #ifdef HAVE_INTTYPES_H
| # include <inttypes.h>
| #endif
| #ifdef HAVE_STDINT_H
| # include <stdint.h>
| #endif
| #ifdef HAVE_UNISTD_H
| # include <unistd.h>
| #endif
| int
| main ()
| {
| if (sizeof ((size_t)))
| 	    return 0;
|   ;
|   return 0;
| }
configure:16741: result: yes
configure:16864: checking that generated files are newer than configure
configure:16870: result: done
configure:16901: creating ./config.status

## ---------------- ##
## Cache variables. ##
## ---------------- ##

ac_cv_build=x86_64-pc-linux-gnu
ac_cv_c_compiler_gnu=yes
ac_cv_cxx_compiler_gnu=yes
ac_cv_env_CCC_set=
ac_cv_env_CCC_value=
ac_cv_env_CC_set=
ac_cv_env_CC_value=
ac_cv_env_CFLAGS_set=
ac_cv_env_CFLAGS_value=
ac_cv_env_CPPFLAGS_set=
ac_cv_env_CPPFLAGS_value=
ac_cv_env_CPP_set=
ac_cv_env_CPP_value=
ac_cv_env_CXXCPP_set=
ac_cv_env_CXXCPP_value=
ac_cv_env_CXXFLAGS_set=
ac_cv_env_CXXFLAGS_value=
ac_cv_env_CXX_set=
ac_cv_env_CXX_value=
ac_cv_env_LDFLAGS_set=
ac_cv_env_LDFLAGS_value=
ac_cv_env_LIBS_set=
ac_cv_env_LIBS_value=
ac_cv_env_LT_SYS_LIBRARY_PATH_set=
ac_cv_env_LT_SYS_LIBRARY_PATH_value=
ac_cv_env_build_alias_set=
ac_cv_env_build_alias_value=
ac_cv_env_host_alias_set=
ac_cv_env_host_alias_value=
ac_cv_env_target_alias_set=
ac_cv_env_target_alias_value=
ac_cv_header_dlfcn_h=yes
ac_cv_header_inttypes_h=yes
ac_cv_header_linux_user_h=no
ac_cv_header_memory_h=yes
ac_cv_header_stdbool_h=yes
ac_cv_header_stdc=yes
ac_cv_header_stdint_h=yes
ac_cv_header_stdlib_h=yes
ac_cv_header_string_h=yes
ac_cv_header_strings_h=yes
ac_cv_header_sys_stat_h=yes
ac_cv_header_sys_types_h=yes
ac_cv_header_unistd_h=yes
ac_cv_host=x86_64-pc-linux-gnu
ac_cv_lib_dl_dlsym=yes
ac_cv_objext=o
ac_cv_path_EGREP='/bin/grep -E'
ac_cv_path_FGREP='/bin/grep -F'
ac_cv_path_GREP=/bin/grep
ac_cv_path_SED=/bin/sed
ac_cv_path_install='/usr/bin/install -c'
ac_cv_path_lt_DD=/bin/dd
ac_cv_path_mkdir=/bin/mkdir
ac_cv_prog_AWK=gawk
ac_cv_prog_CPP='gcc -E'
ac_cv_prog_CXXCPP='g++ -E'
ac_cv_prog_ac_ct_AR=ar
ac_cv_prog_ac_ct_CC=gcc
ac_cv_prog_ac_ct_CXX=g++
ac_cv_prog_ac_ct_OBJDUMP=objdump
ac_cv_prog_ac_ct_RANLIB=ranlib
ac_cv_prog_ac_ct_STRIP=strip
ac_cv_prog_cc_c89=
ac_cv_prog_cc_g=yes
ac_cv_prog_cxx_g=yes
ac_cv_prog_make_make_set=yes
ac_cv_type__Bool=yes
ac_cv_type_size_t=yes
am_cv_CC_dependencies_compiler_type=gcc3
am_cv_CXX_dependencies_compiler_type=gcc3
am_cv_make_support_nested_variables=yes
am_cv_prog_cc_c_o=yes
lt_cv_ar_at_file=@
lt_cv_archive_cmds_need_lc=no
lt_cv_deplibs_check_method=pass_all
lt_cv_file_magic_cmd='$MAGIC_CMD'
lt_cv_file_magic_test_file=
lt_cv_ld_reload_flag=-r
lt_cv_nm_interface='BSD nm'
lt_cv_objdir=.libs
lt_cv_path_LD=/usr/x86_64-pc-linux-gnu/bin/ld
lt_cv_path_LDCXX='/usr/x86_64-pc-linux-gnu/bin/ld -m elf_x86_64'
lt_cv_path_NM='/usr/bin/nm -B'
lt_cv_path_mainfest_tool=no
lt_cv_prog_compiler_c_o=yes
lt_cv_prog_compiler_c_o_CXX=yes
lt_cv_prog_compiler_pic='-fPIC -DPIC'
lt_cv_prog_compiler_pic_CXX='-fPIC -DPIC'
lt_cv_prog_compiler_pic_works=yes
lt_cv_prog_compiler_pic_works_CXX=yes
lt_cv_prog_compiler_rtti_exceptions=no
lt_cv_prog_compiler_static_works=yes
lt_cv_prog_compiler_static_works_CXX=yes
lt_cv_prog_gnu_ld=yes
lt_cv_prog_gnu_ldcxx=yes
lt_cv_sharedlib_from_linklib_cmd='printf %s\n'
lt_cv_shlibpath_overrides_runpath=yes
lt_cv_sys_global_symbol_pipe='sed -n -e '\''s/^.*[	 ]\([ABCDGIRSTW][ABCDGIRSTW]*\)[	 ][	 ]*\([_A-Za-z][_A-Za-z0-9]*\)$/\1 \2 \2/p'\'' | sed '\''/ __gnu_lto/d'\'''
lt_cv_sys_global_symbol_to_c_name_address='sed -n -e '\''s/^: \(.*\) .*$/  {"\1", (void *) 0},/p'\'' -e '\''s/^[ABCDGIRSTW][ABCDGIRSTW]* .* \(.*\)$/  {"\1", (void *) \&\1},/p'\'''
lt_cv_sys_global_symbol_to_c_name_address_lib_prefix='sed -n -e '\''s/^: \(.*\) .*$/  {"\1", (void *) 0},/p'\'' -e '\''s/^[ABCDGIRSTW][ABCDGIRSTW]* .* \(lib.*\)$/  {"\1", (void *) \&\1},/p'\'' -e '\''s/^[ABCDGIRSTW][ABCDGIRSTW]* .* \(.*\)$/  {"lib\1", (void *) \&\1},/p'\'''
lt_cv_sys_global_symbol_to_cdecl='sed -n -e '\''s/^T .* \(.*\)$/extern int \1();/p'\'' -e '\''s/^[ABCDGIRSTW][ABCDGIRSTW]* .* \(.*\)$/extern char \1;/p'\'''
lt_cv_sys_global_symbol_to_import=
lt_cv_sys_max_cmd_len=1572864
lt_cv_to_host_file_cmd=func_convert_file_noop
lt_cv_to_tool_file_cmd=func_convert_file_noop
lt_cv_truncate_bin='/bin/dd bs=4096 count=1'

## ----------------- ##
## Output variables. ##
## ----------------- ##

ACLOCAL='${SHELL} /home_sudo/lock/hacklinux-/libs/missing aclocal-1.15'
AMDEPBACKSLASH='\'
AMDEP_FALSE='#'
AMDEP_TRUE=''
AMTAR='$${TAR-tar}'
AM_BACKSLASH='\'
AM_DEFAULT_V='$(AM_DEFAULT_VERBOSITY)'
AM_DEFAULT_VERBOSITY='1'
AM_V='$(V)'
AR='ar'
AUTOCONF='${SHELL} /home_sudo/lock/hacklinux-/libs/missing autoconf'
AUTOHEADER='${SHELL} /home_sudo/lock/hacklinux-/libs/missing autoheader'
AUTOMAKE='${SHELL} /home_sudo/lock/hacklinux-/libs/missing automake-1.15'
AWK='gawk'
CC='gcc'
CCDEPMODE='depmode=gcc3'
CFLAGS='-g -O2'
CPP='gcc -E'
CPPFLAGS=''
CXX='g++'
CXXCPP='g++ -E'
CXXDEPMODE='depmode=gcc3'
CXXFLAGS='-g -O2'
CYGPATH_W='echo'
DEFS='-DHAVE_CONFIG_H'
DEPDIR='.deps'
DLLTOOL='false'
DSYMUTIL=''
DUMPBIN=''
ECHO_C=''
ECHO_N='-n'
ECHO_T=''
EGREP='/bin/grep -E'
EXEEXT=''
FGREP='/bin/grep -F'
GREP='/bin/grep'
INSTALL_DATA='${INSTALL} -m 644'
INSTALL_PROGRAM='${INSTALL}'
INSTALL_SCRIPT='${INSTALL}'
INSTALL_STRIP_PROGRAM='$(install_sh) -c -s'
LD='/usr/x86_64-pc-linux-gnu/bin/ld -m elf_x86_64'
LDFLAGS=''
LIBOBJS=''
LIBS='-ldl '
LIBTOOL='$(SHELL) $(top_builddir)/libtool'
LIPO=''
LN_S='ln -s'
LTLIBOBJS=''
LT_SYS_LIBRARY_PATH=''
MAKEINFO='${SHELL} /home_sudo/lock/hacklinux-/libs/missing makeinfo'
MANIFEST_TOOL=':'
MKDIR_P='/bin/mkdir -p'
NM='/usr/bin/nm -B'
NMEDIT=''
OBJDUMP='objdump'
OBJEXT='o'
OTOOL64=''
OTOOL=''
PACKAGE='hack-linux-no-minix_memory'
PACKAGE_BUGREPORT='gigoga367@gmail.com'
PACKAGE_NAME='hack-linux-no-minix_memory'
PACKAGE_STRING='hack-linux-no-minix_memory 0.1'
PACKAGE_TARNAME='hack-linux-no-minix_memory'
PACKAGE_URL=''
PACKAGE_VERSION='0.1'
PATH_SEPARATOR=':'
RANLIB='ranlib'
SED='/bin/sed'
SET_MAKE=''
SHELL='/bin/sh'
STRIP='strip'
VERSION='0.1'
ac_ct_AR='ar'
ac_ct_CC='gcc'
ac_ct_CXX='g++'
ac_ct_DUMPBIN=''
am__EXEEXT_FALSE=''
am__EXEEXT_TRUE='#'
am__fastdepCC_FALSE='#'
am__fastdepCC_TRUE=''
am__fastdepCXX_FALSE='#'
am__fastdepCXX_TRUE=''
am__include='include'
am__isrc=''
am__leading_dot='.'
am__nodep='_no'
am__quote=''
am__tar='$${TAR-tar} chof - "$$tardir"'
am__untar='$${TAR-tar} xf -'
bindir='${exec_prefix}/bin'
build='x86_64-pc-linux-gnu'
build_alias=''
build_cpu='x86_64'
build_os='linux-gnu'
build_vendor='pc'
datadir='${datarootdir}'
datarootdir='${prefix}/share'
docdir='${datarootdir}/doc/${PACKAGE_TARNAME}'
dvidir='${docdir}'
exec_prefix='${prefix}'
host='x86_64-pc-linux-gnu'
host_alias=''
host_cpu='x86_64'
host_os='linux-gnu'
host_vendor='pc'
htmldir='${docdir}'
includedir='${prefix}/include'
infodir='${datarootdir}/info'
install_sh='${SHELL} /home_sudo/lock/hacklinux-/libs/install-sh'
libdir='${exec_prefix}/lib'
libexecdir='${exec_prefix}/libexec'
localedir='${datarootdir}/locale'
localstatedir='${prefix}/var'
mandir='${datarootdir}/man'
mkdir_p='$(MKDIR_P)'
oldincludedir='/usr/include'
pdfdir='${docdir}'
prefix='/usr/local'
program_transform_name='s,x,x,'
psdir='${docdir}'
sbindir='${exec_prefix}/sbin'
sharedstatedir='${prefix}/com'
sysconfdir='${prefix}/etc'
target_alias=''

## ----------- ##
## confdefs.h. ##
## ----------- ##

/* confdefs.h */
#define PACKAGE_NAME "hack-linux-no-minix_memory"
#define PACKAGE_TARNAME "hack-linux-no-minix_memory"
#define PACKAGE_VERSION "0.1"
#define PACKAGE_STRING "hack-linux-no-minix_memory 0.1"
#define PACKAGE_BUGREPORT "gigoga367@gmail.com"
#define PACKAGE_URL ""
#define PACKAGE "hack-linux-no-minix_memory"
#define VERSION "0.1"
#define STDC_HEADERS 1
#define HAVE_SYS_TYPES_H 1
#define HAVE_SYS_STAT_H 1
#define HAVE_STDLIB_H 1
#define HAVE_STRING_H 1
#define HAVE_MEMORY_H 1
#define HAVE_STRINGS_H 1
#define HAVE_INTTYPES_H 1
#define HAVE_STDINT_H 1
#define HAVE_UNISTD_H 1
#define HAVE_LIBDL 1
#define HAVE_DLFCN_H 1
#define LT_OBJDIR ".libs/"
#define HAVE_UNISTD_H 1
#define HAVE__BOOL 1

configure: exit 0

## ---------------------- ##
## Running config.status. ##
## ---------------------- ##

This file was extended by hack-linux-no-minix_memory config.status 0.1, which was
generated by GNU Autoconf 2.69.  Invocation command line was

  CONFIG_FILES    = 
  CONFIG_HEADERS  = 
  CONFIG_LINKS    = 
  CONFIG_COMMANDS = 
  $ ./config.status 

on lock-pc

config.status:1151: creating Makefile
config.status:1151: creating build_mem/Makefile
config.status:1151: creating build_dl/Makefile
config.status:1151: creating config.h
config.status:1380: executing depfiles commands
config.status:1380: executing libtool commands

## ---------------------- ##
## Running config.status. ##
## ---------------------- ##

This file was extended by hack-linux-no-minix_memory config.status 0.1, which was
generated by GNU Autoconf 2.69.  Invocation command line was

  CONFIG_FILES    = 
  CONFIG_HEADERS  = 
  CONFIG_LINKS    = 
  CONFIG_COMMANDS = 
  $ ./config.status config.h

on lock-pc

config.status:1151: creating config.h
config.status:1332: config.h is unchanged

## ---------------------- ##
## Running config.status. ##
## ---------------------- ##

This file was extended by hack-linux-no-minix_memory config.status 0.1, which was
generated by GNU Autoconf 2.69.  Invocation command line was

  CONFIG_FILES    = 
  CONFIG_HEADERS  = 
  CONFIG_LINKS    = 
  CONFIG_COMMANDS = 
  $ ./config.status build_dl/Makefile depfiles

on lock-pc

config.status:1151: creating build_dl/Makefile
config.status:1380: executing depfiles commands

## ---------------------- ##
## Running config.status. ##
## ---------------------- ##

This file was extended by hack-linux-no-minix_memory config.status 0.1, which was
generated by GNU Autoconf 2.69.  Invocation command line was

  CONFIG_FILES    = 
  CONFIG_HEADERS  = 
  CONFIG_LINKS    = 
  CONFIG_COMMANDS = 
  $ ./config.status build_dl/Makefile depfiles

on lock-pc

config.status:1151: creating build_dl/Makefile
config.status:1380: executing depfiles commands
